<?xml version="1.0" encoding="utf-8"?><testsuites name="pytest tests"><testsuite name="pytest" errors="0" failures="0" skipped="0" tests="19" time="8.201" timestamp="2026-08-26T14:13:47.482228+00:00" hostname="agent-env-3dcc844b-3d9c-4034-88e1-e92207b0a4d1"><testcase classname="tests.test_iteration9_newfeatures.TestAuthBasics" name="test_bcrypt_and_cookie" time="1.068" /><testcase classname="tests.test_iteration9_newfeatures.TestAuthBasics" name="test_no_token_rejected" time="0.476" /><testcase classname="tests.test_iteration9_newfeatures.TestAuthBasics" name="test_bcrypt_hash_format_in_db" time="0.296" /><testcase classname="tests.test_iteration9_newfeatures.TestChatReactions" name="test_reaction_add_toggle_aggregate_persist" time="2.213" /><testcase classname="tests.test_iteration9_newfeatures.TestAuthBasics" name="test_brute_force_lockout" time="0.832" /><testcase classname="tests.test_iteration9_newfeatures.TestChatReactions" name="test_reaction_invalid_message" time="0.057" /><testcase classname="tests.test_iteration9_newfeatures.TestChatReactions" name="test_reaction_empty_emoji_rejected" time="0.571" /><testcase classname="tests.test_iteration9_newfeatures.TestAuthBasics" name="test_cors_credentials_explicit_origin" time="0.085" /><testcase classname="tests.test_iteration9_newfeatures.TestChatReactions" name="test_reaction_unauthenticated" time="0.479" /><testcase classname="tests.test_iteration9_newfeatures.TestLabelCascade" name="test_rename_recolor_and_cascade_delete" time="1.158" /><testcase classname="tests.test_iteration9_newfeatures.TestNotificationPagination" name="test_shape_and_pagination" time="3.747" /><testcase classname="tests.test_iteration9_newfeatures.TestLabelCascade" name="test_member_cannot_patch_or_delete_label" time="1.042" /><testcase classname="tests.test_iteration9_newfeatures.TestLabelCascade" name="test_patch_delete_missing_label" time="0.095" /><testcase classname="tests.test_iteration9_newfeatures.TestRegression" name="test_list_reorder_admin_only" time="0.177" /><testcase classname="tests.test_iteration9_newfeatures.TestRegression" name="test_notification_has_task_id_for_assignment" time="0.222" /><testcase classname="tests.test_iteration9_newfeatures.TestRegression" name="test_chat_history_and_member_access" time="0.061" /><testcase classname="tests.test_iteration9_newfeatures.TestTeamProgressData" name="test_done_count_matches_selesai_list" time="0.385" /><testcase classname="tests.test_iteration9_newfeatures.TestNotificationPagination" name="test_mark_read_and_read_all" time="0.287" /><testcase classname="tests.test_iteration9_newfeatures.TestNotificationPagination" name="test_custom_limit" time="0.071" /></testsuite></testsuites>