<?xml version="1.0" encoding="utf-8"?><testsuites name="pytest tests"><testsuite name="pytest" errors="0" failures="2" skipped="0" tests="35" time="5.899" timestamp="2026-08-26T14:37:06.294263+00:00" hostname="agent-env-3dcc844b-3d9c-4034-88e1-e92207b0a4d1"><testcase classname="tests.test_iteration10_fixes.TestRegressionSmoke" name="test_global_endpoints[/teams]" time="1.089" /><testcase classname="tests.test_iteration10_fixes.TestMemberRole" name="test_member1_is_member" time="1.055" /><testcase classname="tests.test_iteration10_fixes.TestRegressionSmoke" name="test_global_endpoints[/notifications]" time="0.045" /><testcase classname="tests.test_iteration10_fixes.TestRegressionSmoke" name="test_global_endpoints[/auth/me]" time="0.052" /><testcase classname="tests.test_iteration10_fixes.TestRegressionSmoke" name="test_team_endpoints[lists]" time="0.505" /><testcase classname="tests.test_iteration10_fixes.TestMemberRole" name="test_member_my_role" time="0.671" /><testcase classname="tests.test_iteration10_fixes.TestRegressionSmoke" name="test_team_endpoints[tasks]" time="0.047" /><testcase classname="tests.test_iteration10_fixes.TestMemberRole" name="test_member_cannot_create_list" time="0.102" /><testcase classname="tests.test_iteration10_fixes.TestRegressionSmoke" name="test_team_endpoints[members]" time="0.056" /><testcase classname="tests.test_iteration10_fixes.TestRegressionSmoke" name="test_team_endpoints[labels]" time="0.058" /><testcase classname="tests.test_iteration10_fixes.TestMemberRole" name="test_member_cannot_rename_or_delete_list" time="0.304" /><testcase classname="tests.test_iteration10_fixes.TestRegressionSmoke" name="test_team_endpoints[announcements]" time="0.045" /><testcase classname="tests.test_iteration10_fixes.TestRegressionSmoke" name="test_team_endpoints[questions]" time="0.051" /><testcase classname="tests.test_iteration10_fixes.TestRegressionSmoke" name="test_team_endpoints[documents]" time="0.092" /><testcase classname="tests.test_iteration10_fixes.TestRegressionSmoke" name="test_team_endpoints[chat]" time="0.058" /><testcase classname="tests.test_iteration10_fixes.TestRegressionSmoke" name="test_search" time="0.096" /><testcase classname="tests.test_iteration10_fixes.TestMemberRole" name="test_member_create_team_label_permission" time="0.136"><failure message="AssertionError: MISMATCH: POST /teams/{id}/labels uses require_member, so a regular member CAN create team labels. Review request states this should be admin-only (403).&#10;assert 200 == 403&#10; +  where 200 = &lt;Response [200]&gt;.status_code">E   AssertionError: MISMATCH: POST /teams/{id}/labels uses require_member, so a regular member CAN create team labels. Review request states this should be admin-only (403).
    assert 200 == 403
     +  where 200 = &lt;Response [200]&gt;.status_code</failure></testcase><testcase classname="tests.test_iteration10_fixes.TestRegressionSmoke" name="test_unauthenticated_blocked" time="0.173" /><testcase classname="tests.test_iteration10_fixes.TestMemberRole" name="test_member_cannot_delete_team_label" time="0.279" /><testcase classname="tests.test_iteration10_fixes.TestNotificationValidation" name="test_default_ok" time="0.063" /><testcase classname="tests.test_iteration10_fixes.TestNotificationValidation" name="test_limit_over_max_422" time="0.040" /><testcase classname="tests.test_iteration10_fixes.TestNotificationValidation" name="test_limit_zero_422" time="0.198" /><testcase classname="tests.test_iteration10_fixes.TestMemberRole" name="test_member_cannot_reorder_lists" time="0.097" /><testcase classname="tests.test_iteration10_fixes.TestChatLimit" name="test_chat_default" time="0.057" /><testcase classname="tests.test_iteration10_fixes.TestNotificationValidation" name="test_negative_skip_422" time="0.059" /><testcase classname="tests.test_iteration10_fixes.TestChatLimit" name="test_chat_limit_respected" time="0.049" /><testcase classname="tests.test_iteration10_fixes.TestChatLimit" name="test_chat_limit_over_max_422" time="0.046" /><testcase classname="tests.test_iteration10_fixes.TestNotificationValidation" name="test_limit_100_boundary_ok" time="0.122" /><testcase classname="tests.test_iteration10_fixes.TestChatLimit" name="test_chat_limit_zero_422" time="0.040" /><testcase classname="tests.test_iteration10_fixes.TestListsIsDone" name="test_lists_have_is_done" time="0.087" /><testcase classname="tests.test_security_hardening" name="test_cors_preflight_restricts_unconfigured_origin" time="0.078"><failure message="assert 204 == 400&#10; +  where 204 = &lt;Response [204]&gt;.status_code">E   assert 204 == 400
     +  where 204 = &lt;Response [204]&gt;.status_code</failure></testcase><testcase classname="tests.test_iteration10_fixes.TestListsIsDone" name="test_new_list_defaults_false" time="0.197" /><testcase classname="tests.test_security_hardening" name="test_login_locks_after_five_failures_without_locking_admin" time="1.317" /><testcase classname="tests.test_iteration10_fixes.TestCompleteToggle" name="test_task_moves_to_done_and_back" time="0.489" /><testcase classname="tests.test_security_hardening" name="test_missing_task_delete_and_member_update_return_404" time="0.697" /></testsuite></testsuites>