<?xml version="1.0" encoding="utf-8"?><testsuites name="pytest tests"><testsuite name="pytest" errors="0" failures="2" skipped="0" tests="24" time="8.249" timestamp="2026-08-26T11:31:31.393403+00:00" hostname="agent-env-3dcc844b-3d9c-4034-88e1-e92207b0a4d1"><testcase classname="tests.test_iteration6_fixes.TestSearchHardening" name="test_regex_specials_do_not_crash[a.*b(]" time="1.891" /><testcase classname="tests.test_iteration6_fixes.TestAuthBasics" name="test_login_sets_httponly_cookie" time="2.455" /><testcase classname="tests.test_iteration6_fixes.TestSearchHardening" name="test_regex_specials_do_not_crash[(((]" time="0.049" /><testcase classname="tests.test_iteration6_fixes.TestSearchHardening" name="test_regex_specials_do_not_crash[[a-]" time="0.056" /><testcase classname="tests.test_iteration6_fixes.TestSearchHardening" name="test_regex_specials_do_not_crash[*]" time="0.415" /><testcase classname="tests.test_iteration6_fixes.TestSearchHardening" name="test_regex_specials_do_not_crash[.*]" time="0.085" /><testcase classname="tests.test_iteration6_fixes.TestAuthBasics" name="test_me_with_cookie_only" time="0.614" /><testcase classname="tests.test_iteration6_fixes.TestSearchHardening" name="test_regex_specials_do_not_crash[a{1000000}]" time="0.048" /><testcase classname="tests.test_iteration6_fixes.TestSearchHardening" name="test_regex_specials_do_not_crash[\\]" time="0.052" /><testcase classname="tests.test_iteration6_fixes.TestSearchHardening" name="test_empty_query_returns_nothing" time="0.455" /><testcase classname="tests.test_iteration6_fixes.TestAuthBasics" name="test_bad_password_rejected" time="0.534" /><testcase classname="tests.test_iteration6_fixes.TestSearchHardening" name="test_literal_match_still_works" time="0.642" /><testcase classname="tests.test_iteration6_fixes.TestListRBAC" name="test_member_cannot_create_list" time="0.877" /><testcase classname="tests.test_iteration6_fixes.TestPrivateTasks" name="test_private_task_hidden_from_member" time="1.289" /><testcase classname="tests.test_iteration6_fixes.TestListRBAC" name="test_member_cannot_delete_list" time="0.051" /><testcase classname="tests.test_iteration6_fixes.TestListRBAC" name="test_admin_can_create_and_delete_list" time="0.186" /><testcase classname="tests.test_iteration6_fixes.TestNullablePatch" name="test_clear_due_date" time="0.378" /><testcase classname="tests.test_iteration6_fixes.TestPrivateTasks" name="test_private_task_not_in_member_search" time="0.184"><failure message="AssertionError: private task exposed via search to member&#10;assert [{'title': 'T...Medium', ...}] == []&#10;  &#10;  Left contains one more item: {'title': 'TEST_it6_privsearch_zzq', 'description': '', 'list_id': '877aa9aa-fcd6-4692-a63e-e23bad700e8e', 'priority': 'Medium', ...}&#10;  &#10;  Full diff:&#10;  - []&#10;  + [&#10;  +     {...&#10;  &#10;  ...Full output truncated (22 lines hidden), use '-vv' to show">E   AssertionError: private task exposed via search to member
    assert [{'title': 'T...Medium', ...}] == []
      
      Left contains one more item: {'title': 'TEST_it6_privsearch_zzq', 'description': '', 'list_id': '877aa9aa-fcd6-4692-a63e-e23bad700e8e', 'priority': 'Medium', ...}
      
      Full diff:
      - []
      + [
      +     {...
      
      ...Full output truncated (22 lines hidden), use '-vv' to show</failure></testcase><testcase classname="tests.test_iteration6_fixes.TestPrivateTasks" name="test_private_task_direct_get_blocked_for_member" time="0.207"><failure message="AssertionError: member can fetch private task directly: 200 {&quot;title&quot;:&quot;TEST_it6_privget&quot;,&quot;description&quot;:&quot;&quot;,&quot;list_id&quot;:&quot;877aa9aa-fcd6-4692-a63e-e23bad700e8e&quot;,&quot;priority&quot;:&quot;Medium&quot;,&quot;due_date&quot;:null,&quot;repeat&quot;:&quot;none&quot;,&quot;assignees&quot;:[],&quot;labels&quot;:[],&quot;is_private&quot;:true,&quot;id&quot;:&quot;50f&#10;assert 200 in (403, 404)&#10; +  where 200 = &lt;Response [200]&gt;.status_code">E   AssertionError: member can fetch private task directly: 200 {"title":"TEST_it6_privget","description":"","list_id":"877aa9aa-fcd6-4692-a63e-e23bad700e8e","priority":"Medium","due_date":null,"repeat":"none","assignees":[],"labels":[],"is_private":true,"id":"50f
    assert 200 in (403, 404)
     +  where 200 = &lt;Response [200]&gt;.status_code</failure></testcase><testcase classname="tests.test_iteration6_fixes.TestNullablePatch" name="test_partial_patch_does_not_wipe_other_fields" time="0.285" /><testcase classname="tests.test_iteration6_fixes.TestBruteForceLockout" name="test_lockout_after_five_failures" time="0.944" /><testcase classname="tests.test_iteration6_fixes.TestNotificationRouting" name="test_announcement_notification_has_team_and_type" time="0.105" /><testcase classname="tests.test_iteration6_fixes.TestNotificationRouting" name="test_mention_notification_has_task_id" time="0.509" /><testcase classname="tests.test_iteration6_fixes.TestBruteForceLockout" name="test_admin_login_still_works_after_lockout_of_other_identifier" time="0.670" /></testsuite></testsuites>