<?xml version="1.0" encoding="utf-8"?><testsuites name="pytest tests"><testsuite name="pytest" errors="0" failures="1" skipped="0" tests="26" time="10.220" timestamp="2026-08-26T11:31:52.709203+00:00" hostname="agent-env-3dcc844b-3d9c-4034-88e1-e92207b0a4d1"><testcase classname="tests.test_northstar_v2.TestAuth" name="test_login_sets_httponly_cookies" time="0.926" /><testcase classname="tests.test_northstar_v2.TestTeamsLists" name="test_create_team_with_default_lists" time="1.099" /><testcase classname="tests.test_northstar_v2.TestAuth" name="test_me" time="0.918" /><testcase classname="tests.test_northstar_v2.TestTeamsLists" name="test_non_member_forbidden" time="0.798" /><testcase classname="tests.test_northstar_v2.TestAuth" name="test_invalid_credentials" time="0.183" /><testcase classname="tests.test_northstar_v2.TestTeamsLists" name="test_list_crud_and_archive" time="0.480" /><testcase classname="tests.test_northstar_v2.TestAuth" name="test_protected_requires_auth" time="0.728" /><testcase classname="tests.test_northstar_v2.TestTeamsLists" name="test_add_member_role_and_remove" time="0.642" /><testcase classname="tests.test_northstar_v2.TestAuth" name="test_bcrypt_hash_format" time="0.900" /><testcase classname="tests.test_northstar_v2.TestTeamsLists" name="test_zz_delete_team_cleans_up" time="0.165" /><testcase classname="tests.test_northstar_v2.TestCommentsMentions" name="test_comment_mention_creates_notification" time="0.900" /><testcase classname="tests.test_northstar_v2.TestTasks" name="test_task_crud_move_duplicate_archive" time="0.974" /><testcase classname="tests.test_northstar_v2.TestCommentsMentions" name="test_empty_comment_rejected" time="0.156" /><testcase classname="tests.test_northstar_v2.TestCommentsMentions" name="test_assignment_notification" time="0.209" /><testcase classname="tests.test_northstar_v2.TestFiles" name="test_upload_attachment_download_delete" time="1.227" /><testcase classname="tests.test_northstar_v2.TestTasks" name="test_task_validation" time="0.398" /><testcase classname="tests.test_northstar_v2.TestTasks" name="test_clear_due_date" time="0.496" /><testcase classname="tests.test_northstar_v2.TestFiles" name="test_upload_document_standalone" time="1.326" /><testcase classname="tests.test_northstar_v2.TestCollaboration" name="test_chat_with_mention" time="1.531" /><testcase classname="tests.test_northstar_v2.TestFiles" name="test_missing_file_404" time="0.043" /><testcase classname="tests.test_security_hardening" name="test_cors_preflight_restricts_unconfigured_origin" time="0.086"><failure message="assert 204 == 400&#10; +  where 204 = &lt;Response [204]&gt;.status_code">E   assert 204 == 400
     +  where 204 = &lt;Response [204]&gt;.status_code</failure></testcase><testcase classname="tests.test_northstar_v2.TestCollaboration" name="test_announcement_notifies_members" time="0.146" /><testcase classname="tests.test_security_hardening" name="test_login_locks_after_five_failures_without_locking_admin" time="1.379" /><testcase classname="tests.test_northstar_v2.TestCollaboration" name="test_question_answer_notifies_author" time="0.447" /><testcase classname="tests.test_northstar_v2.TestSearch" name="test_search_scoped_to_my_teams" time="0.301" /><testcase classname="tests.test_security_hardening" name="test_missing_task_delete_and_member_update_return_404" time="0.600" /></testsuite></testsuites>