<?xml version="1.0" encoding="utf-8"?><testsuites name="pytest tests"><testsuite name="pytest" errors="0" failures="0" skipped="0" tests="17" time="3.102" timestamp="2026-08-26T14:44:54.784904+00:00" hostname="agent-env-3dcc844b-3d9c-4034-88e1-e92207b0a4d1"><testcase classname="tests.test_iteration11_fixes.TestSmoke" name="test_global_endpoints[/api/auth/me]" time="1.015" /><testcase classname="tests.test_iteration11_fixes.TestSmoke" name="test_global_endpoints[/api/teams]" time="0.042" /><testcase classname="tests.test_iteration11_fixes.TestSmoke" name="test_global_endpoints[/api/notifications]" time="0.059" /><testcase classname="tests.test_iteration11_fixes.TestSmoke" name="test_team_endpoints[lists]" time="0.433" /><testcase classname="tests.test_iteration11_fixes.TestSmoke" name="test_team_endpoints[tasks]" time="0.086" /><testcase classname="tests.test_iteration11_fixes.TestLabelPermission" name="test_member_cannot_create_label" time="1.637" /><testcase classname="tests.test_iteration11_fixes.TestLabelPermission" name="test_member_role_is_member" time="0.092" /><testcase classname="tests.test_iteration11_fixes.TestSmoke" name="test_team_endpoints[labels]" time="0.087" /><testcase classname="tests.test_iteration11_fixes.TestLabelPermission" name="test_member_can_read_labels" time="0.040" /><testcase classname="tests.test_iteration11_fixes.TestSmoke" name="test_team_endpoints[members]" time="0.096" /><testcase classname="tests.test_iteration11_fixes.TestLabelPermission" name="test_admin_can_create_and_delete_label" time="0.273" /><testcase classname="tests.test_iteration11_fixes.TestSmoke" name="test_team_endpoints[announcements]" time="0.049" /><testcase classname="tests.test_iteration11_fixes.TestSmoke" name="test_team_endpoints[questions]" time="0.105" /><testcase classname="tests.test_iteration11_fixes.TestSmoke" name="test_team_endpoints[documents]" time="0.073" /><testcase classname="tests.test_iteration11_fixes.TestLabelPermission" name="test_unauth_create_label_rejected" time="0.143" /><testcase classname="tests.test_iteration11_fixes.TestSmoke" name="test_team_endpoints[chat]" time="0.065" /><testcase classname="tests.test_iteration11_fixes.TestSmoke" name="test_chat_history_has_unique_ids" time="0.063" /></testsuite></testsuites>