<?xml version="1.0" encoding="utf-8"?><testsuites name="pytest tests"><testsuite name="pytest" errors="0" failures="1" skipped="0" tests="23" time="8.388" timestamp="2026-08-26T10:57:13.860447+00:00" hostname="agent-env-3dcc844b-3d9c-4034-88e1-e92207b0a4d1"><testcase classname="tests.test_northstar_v2.TestAuth" name="test_login_sets_httponly_cookies" time="1.155" /><testcase classname="tests.test_northstar_v2.TestTeamsLists" name="test_create_team_with_default_lists" time="1.770" /><testcase classname="tests.test_northstar_v2.TestAuth" name="test_me" time="0.616" /><testcase classname="tests.test_northstar_v2.TestAuth" name="test_invalid_credentials" time="0.139" /><testcase classname="tests.test_northstar_v2.TestAuth" name="test_protected_requires_auth" time="1.028" /><testcase classname="tests.test_northstar_v2.TestTeamsLists" name="test_non_member_forbidden" time="0.667" /><testcase classname="tests.test_northstar_v2.TestTeamsLists" name="test_list_crud_and_archive" time="0.476" /><testcase classname="tests.test_northstar_v2.TestTeamsLists" name="test_add_member_role_and_remove" time="0.684" /><testcase classname="tests.test_northstar_v2.TestAuth" name="test_bcrypt_hash_format" time="0.852" /><testcase classname="tests.test_northstar_v2.TestTeamsLists" name="test_zz_delete_team_cleans_up" time="0.138" /><testcase classname="tests.test_northstar_v2.TestTasks" name="test_task_crud_move_duplicate_archive" time="1.019" /><testcase classname="tests.test_northstar_v2.TestCommentsMentions" name="test_comment_mention_creates_notification" time="1.090" /><testcase classname="tests.test_northstar_v2.TestTasks" name="test_task_validation" time="0.142" /><testcase classname="tests.test_northstar_v2.TestCommentsMentions" name="test_empty_comment_rejected" time="0.133" /><testcase classname="tests.test_northstar_v2.TestCommentsMentions" name="test_assignment_notification" time="0.294" /><testcase classname="tests.test_northstar_v2.TestTasks" name="test_clear_due_date" time="0.238"><failure message="AssertionError: due_date could not be cleared (PATCH strips None values)&#10;assert '2026-09-01' is None">tests/test_northstar_v2.py:245: in test_clear_due_date
    assert r.json()["due_date"] is None, "due_date could not be cleared (PATCH strips None values)"
E   AssertionError: due_date could not be cleared (PATCH strips None values)
E   assert '2026-09-01' is None</failure></testcase><testcase classname="tests.test_northstar_v2.TestCollaboration" name="test_chat_with_mention" time="0.650" /><testcase classname="tests.test_northstar_v2.TestFiles" name="test_upload_attachment_download_delete" time="1.212" /><testcase classname="tests.test_northstar_v2.TestCollaboration" name="test_announcement_notifies_members" time="0.371" /><testcase classname="tests.test_northstar_v2.TestCollaboration" name="test_question_answer_notifies_author" time="0.612" /><testcase classname="tests.test_northstar_v2.TestFiles" name="test_upload_document_standalone" time="0.786" /><testcase classname="tests.test_northstar_v2.TestSearch" name="test_search_scoped_to_my_teams" time="0.487" /><testcase classname="tests.test_northstar_v2.TestFiles" name="test_missing_file_404" time="0.054" /></testsuite></testsuites>