<?xml version="1.0" encoding="utf-8"?><testsuites name="pytest tests"><testsuite name="pytest" errors="0" failures="1" skipped="0" tests="8" time="4.327" timestamp="2026-08-26T08:50:35.556996+00:00" hostname="agent-env-3dcc844b-3d9c-4034-88e1-e92207b0a4d1"><testcase classname="tests.test_security_hardening" name="test_cors_preflight_restricts_unconfigured_origin" time="0.094"><failure message="assert 204 == 400&#10; +  where 204 = &lt;Response [204]&gt;.status_code">backend/tests/test_security_hardening.py:21: in test_cors_preflight_restricts_unconfigured_origin
    assert response.status_code == 400
E   assert 204 == 400
E    +  where 204 = &lt;Response [204]&gt;.status_code</failure></testcase><testcase classname="tests.test_northstar_api" name="test_auth_me_and_logout" time="1.509" /><testcase classname="tests.test_security_hardening" name="test_login_locks_after_five_failures_without_locking_admin" time="1.092" /><testcase classname="tests.test_security_hardening" name="test_missing_task_delete_and_member_update_return_404" time="0.420" /><testcase classname="tests.test_northstar_api" name="test_protected_endpoints_require_auth" time="0.409" /><testcase classname="tests.test_northstar_api" name="test_invalid_login_and_duplicate_register" time="0.417" /><testcase classname="tests.test_northstar_api" name="test_register_member_and_role_permission" time="0.755" /><testcase classname="tests.test_northstar_api" name="test_task_comment_search_update_delete_and_dashboard" time="0.740" /></testsuite></testsuites>