<?xml version="1.0" encoding="utf-8"?><testsuites name="pytest tests"><testsuite name="pytest" errors="0" failures="0" skipped="0" tests="13" time="4.518" timestamp="2026-08-26T12:02:35.781778+00:00" hostname="agent-env-3dcc844b-3d9c-4034-88e1-e92207b0a4d1"><testcase classname="tests.test_iteration8_newfeatures.TestLabelRegistry" name="test_get_labels_shape" time="1.045" /><testcase classname="tests.test_iteration8_newfeatures.TestListReorder" name="test_admin_can_reorder_lists" time="2.377" /><testcase classname="tests.test_iteration8_newfeatures.TestLabelRegistry" name="test_create_label_and_persist" time="0.147" /><testcase classname="tests.test_iteration8_newfeatures.TestLabelRegistry" name="test_label_shared_across_members" time="0.552" /><testcase classname="tests.test_iteration8_newfeatures.TestLabelRegistry" name="test_member_can_create_label" time="0.049" /><testcase classname="tests.test_iteration8_newfeatures.TestLabelRegistry" name="test_non_member_cannot_read_labels" time="0.192" /><testcase classname="tests.test_iteration8_newfeatures.TestLabelRegistry" name="test_member_cannot_delete_label" time="0.087" /><testcase classname="tests.test_iteration8_newfeatures.TestLabelRegistry" name="test_label_applied_to_task_reusable" time="0.384" /><testcase classname="tests.test_iteration8_newfeatures.TestLabelRegistry" name="test_delete_labels_cleanup" time="0.483" /><testcase classname="tests.test_iteration8_newfeatures.TestListReorder" name="test_member_cannot_reorder_lists" time="0.602" /><testcase classname="tests.test_iteration8_newfeatures.TestNotifications" name="test_mention_creates_notification_and_read_all" time="0.488" /><testcase classname="tests.test_iteration8_newfeatures.TestChatWebSocket" name="test_ws_broadcast_to_other_member" time="0.289" /><testcase classname="tests.test_iteration8_newfeatures.TestChatWebSocket" name="test_ws_rejects_unauthenticated" time="0.188" /></testsuite></testsuites>