<?xml version="1.0" encoding="utf-8"?><testsuites name="pytest tests"><testsuite name="pytest" errors="0" failures="0" skipped="0" tests="5" time="3.444" timestamp="2026-08-26T08:40:09.534625+00:00" hostname="agent-env-3dcc844b-3d9c-4034-88e1-e92207b0a4d1"><testcase classname="tests.test_northstar_api" name="test_auth_me_and_logout" time="0.659" /><testcase classname="tests.test_northstar_api" name="test_protected_endpoints_require_auth" time="0.325" /><testcase classname="tests.test_northstar_api" name="test_invalid_login_and_duplicate_register" time="0.406" /><testcase classname="tests.test_northstar_api" name="test_register_member_and_role_permission" time="0.734" /><testcase classname="tests.test_northstar_api" name="test_task_comment_search_update_delete_and_dashboard" time="0.825" /></testsuite></testsuites>